<?xml version="1.0" encoding="UTF-8"?>
<!-- Generated by org.testng.reporters.JUnitXMLReporter -->
<testsuite hostname="lapcare-PC" ignored="0" name="Test" tests="7" failures="0" timestamp="01 Jan 2021 08:20:13 GMT" time="13.366" errors="0">
  <testcase name="loginTest" time="3.022" classname="com.maven1.com.demo.LoginTest"/>
  <testcase name="verifyCourses" time="0.674" classname="com.maven1.com.demo.DashboardPageTest"/>
  <testcase name="verifyDeleteButton" time="5.16" classname="com.maven1.com.demo.UserPageTest"/>
  <testcase name="LinksVerify" time="1.261" classname="com.maven1.com.demo.DownloadPageTest"/>
  <testcase name="Userslink" time="0.304" classname="com.maven1.com.demo.DashboardPageTest"/>
  <testcase name="clickJavaLink" time="1.341" classname="com.maven1.com.demo.DownloadPageTest"/>
  <testcase name="verifyDownloadLink" time="1.433" classname="com.maven1.com.demo.DashboardPageTest"/>
</testsuite> <!-- Test -->
