<?xml version="1.0" encoding="UTF-8"?>
<!-- Generated by org.testng.reporters.JUnitXMLReporter -->
<testsuite hostname="lapcare-PC" ignored="0" name="Test" tests="7" failures="0" timestamp="07 Jan 2021 03:05:56 GMT" time="17.19" errors="0">
  <testcase name="loginTest" time="5.636" classname="com.maven1.com.demo.LoginTest"/>
  <testcase name="verifyCourses" time="0.802" classname="com.maven1.com.demo.DashboardPageTest"/>
  <testcase name="verifyDeleteButton" time="4.879" classname="com.maven1.com.demo.UserPageTest"/>
  <testcase name="LinksVerify" time="1.749" classname="com.maven1.com.demo.DownloadPageTest"/>
  <testcase name="Userslink" time="0.454" classname="com.maven1.com.demo.DashboardPageTest"/>
  <testcase name="clickJavaLink" time="2.821" classname="com.maven1.com.demo.DownloadPageTest"/>
  <testcase name="verifyDownloadLink" time="0.745" classname="com.maven1.com.demo.DashboardPageTest"/>
</testsuite> <!-- Test -->
