<?xml version="1.0" encoding="UTF-8"?>
<testsuite xmlns:xsi="http://www.w3.org/2001/XMLSchema-instance" xsi:schemaLocation="https://maven.apache.org/surefire/maven-surefire-plugin/xsd/surefire-test-report.xsd" name="TestSuite" time="97.912" tests="7" errors="0" skipped="0" failures="0">
  <properties>
[...]
</properties>
  <testcase name="loginTest" classname="com.maven1.com.demo.LoginTest" time="5.653"/>
  <testcase name="verifyCourses" classname="com.maven1.com.demo.DashboardPageTest" time="0.787"/>
  <testcase name="verifyDeleteButton" classname="com.maven1.com.demo.UserPageTest" time="4.884"/>
  <testcase name="LinksVerify" classname="com.maven1.com.demo.DownloadPageTest" time="1.741"/>
  <testcase name="Userslink" classname="com.maven1.com.demo.DashboardPageTest" time="0.458"/>
  <testcase name="clickJavaLink" classname="com.maven1.com.demo.DownloadPageTest" time="2.823"/>
  <testcase name="verifyDownloadLink" classname="com.maven1.com.demo.DashboardPageTest" time="0.744"/>
</testsuite>